03:28:20 **** Incremental Build of configuration Debug for project 7SEG01 ****
make all 
Building file: ../main.c
Invoking: AVR Compiler
avr-gcc -Wall -g2 -gstabs -O0 -fpack-struct -fshort-enums -ffunction-sections -fdata-sections -std=gnu99 -funsigned-char -funsigned-bitfields -mmcu=atmega32 -DF_CPU=8000000UL -MMD -MP -MF"main.d" -MT"main.o" -c -o "main.o" "../main.c"
In file included from ../main.c:13:
d:/phlimon/imt/imt materials/00- tools/imt_tools_x64/imt_sdk_win_64/winavr/lib/gcc/../../avr/include/avr/delay.h:36:2: warning: #warning "This file has been moved to <util/delay.h>."
In file included from d:/phlimon/imt/imt materials/00- tools/imt_tools_x64/imt_sdk_win_64/winavr/lib/gcc/../../avr/include/avr/delay.h:37,
                 from ../main.c:13:
d:/phlimon/imt/imt materials/00- tools/imt_tools_x64/imt_sdk_win_64/winavr/lib/gcc/../../avr/include/util/delay.h:90:3: warning: #warning "Compiler optimizations disabled; functions from <util/delay.h> won't work as designed"
../main.c:15: warning: return type of 'main' is not 'int'
Finished building: ../main.c
 
Building target: 7SEG01.elf
Invoking: AVR C Linker
avr-gcc -Wl,-Map,7SEG01.map -mmcu=atmega32 -o "7SEG01.elf"  ./main.o   
Finished building target: 7SEG01.elf
 
Invoking: AVR Create Extended Listing
avr-objdump -h -S 7SEG01.elf  >"7SEG01.lss"
Finished building: 7SEG01.lss
 
Create Flash image (ihex format)
avr-objcopy -R .eeprom -R .fuse -R .lock -R .signature -O ihex 7SEG01.elf  "7SEG01.hex"
Finished building: 7SEG01.hex
 
Invoking: Print Size
avr-size --format=avr --mcu=atmega32 7SEG01.elf
AVR Memory Usage
----------------
Device: atmega32

Program:    6084 bytes (18.6% Full)
(.text + .data + .bootloader)

Data:          8 bytes (0.4% Full)
(.data + .bss + .noinit)


Finished building: sizedummy
 

03:28:21 Build Finished. 0 errors, 3 warnings. (took 1s.368ms)

