19:10:49 **** Incremental Build of configuration Debug for project 7SEG001 ****
make all 
Building file: ../main.c
Invoking: AVR Compiler
avr-gcc -Wall -g2 -gstabs -O0 -fpack-struct -fshort-enums -ffunction-sections -fdata-sections -std=gnu99 -funsigned-char -funsigned-bitfields -mmcu=atmega32 -DF_CPU=8000000UL -MMD -MP -MF"main.d" -MT"main.o" -c -o "main.o" "../main.c"
../main.c:19: warning: return type of 'main' is not 'int'
Finished building: ../main.c
 
Building target: 7SEG001.elf
Invoking: AVR C Linker
avr-gcc -Wl,-Map,7SEG001.map -mmcu=atmega32 -o "7SEG001.elf"  ./7SEG.programe.o ./DIO_program.o ./Lab5.o ./main.o   
Finished building target: 7SEG001.elf
 
Invoking: AVR Create Extended Listing
avr-objdump -h -S 7SEG001.elf  >"7SEG001.lss"
Finished building: 7SEG001.lss
 
Create Flash image (ihex format)
avr-objcopy -R .eeprom -R .fuse -R .lock -R .signature -O ihex 7SEG001.elf  "7SEG001.hex"
Finished building: 7SEG001.hex
 
Invoking: Print Size
avr-size --format=avr --mcu=atmega32 7SEG001.elf
AVR Memory Usage
----------------
Device: atmega32

Program:    1862 bytes (5.7% Full)
(.text + .data + .bootloader)

Data:         10 bytes (0.5% Full)
(.data + .bss + .noinit)


Finished building: sizedummy
 

19:10:50 Build Finished. 0 errors, 1 warnings. (took 809ms)

