20:07:13 **** Incremental Build of configuration Debug for project ADC01 ****
make all 
Building file: ../LM35_Program.c
Invoking: AVR Compiler
avr-gcc -Wall -g2 -gstabs -O0 -fpack-struct -fshort-enums -ffunction-sections -fdata-sections -std=gnu99 -funsigned-char -funsigned-bitfields -mmcu=atmega32 -DF_CPU=8000000UL -MMD -MP -MF"LM35_Program.d" -MT"LM35_Program.o" -c -o "LM35_Program.o" "../LM35_Program.c"
In file included from ../LM35_Program.c:22:
d:/phlimon/imt/imt materials/00- tools/imt_tools_x64/imt_sdk_win_64/winavr/lib/gcc/../../avr/include/avr/delay.h:36:2: warning: #warning "This file has been moved to <util/delay.h>."
In file included from d:/phlimon/imt/imt materials/00- tools/imt_tools_x64/imt_sdk_win_64/winavr/lib/gcc/../../avr/include/avr/delay.h:37,
                 from ../LM35_Program.c:22:
d:/phlimon/imt/imt materials/00- tools/imt_tools_x64/imt_sdk_win_64/winavr/lib/gcc/../../avr/include/util/delay.h:90:3: warning: #warning "Compiler optimizations disabled; functions from <util/delay.h> won't work as designed"
Finished building: ../LM35_Program.c
 
Building target: ADC01.elf
Invoking: AVR C Linker
avr-gcc -Wl,-Map,ADC01.map -mmcu=atmega32 -o "ADC01.elf"  ./ADC_program.o ./DIO_program.o ./LCD_program.o ./LM35_Program.o ./main.o   
Finished building target: ADC01.elf
 
Invoking: AVR Create Extended Listing
avr-objdump -h -S ADC01.elf  >"ADC01.lss"
Finished building: ADC01.lss
 
Create Flash image (ihex format)
avr-objcopy -R .eeprom -R .fuse -R .lock -R .signature -O ihex ADC01.elf  "ADC01.hex"
Finished building: ADC01.hex
 
Invoking: Print Size
avr-size --format=avr --mcu=atmega32 ADC01.elf
AVR Memory Usage
----------------
Device: atmega32

Program:   14258 bytes (43.5% Full)
(.text + .data + .bootloader)

Data:        278 bytes (13.6% Full)
(.data + .bss + .noinit)


Finished building: sizedummy
 

20:07:14 Build Finished. 0 errors, 2 warnings. (took 1s.158ms)

