00:35:42 **** Incremental Build of configuration Debug for project BTNs_Calculator ****
make all 
Building file: ../main.c
Invoking: AVR Compiler
avr-gcc -Wall -g2 -gstabs -O0 -fpack-struct -fshort-enums -ffunction-sections -fdata-sections -std=gnu99 -funsigned-char -funsigned-bitfields -mmcu=atmega32 -DF_CPU=8000000UL -MMD -MP -MF"main.d" -MT"main.o" -c -o "main.o" "../main.c"
In file included from ../main.c:12:
d:/phlimon/imt/imt materials/00- tools/imt_tools_x64/imt_sdk_win_64/winavr/lib/gcc/../../avr/include/util/delay.h:90:3: warning: #warning "Compiler optimizations disabled; functions from <util/delay.h> won't work as designed"
../main.c:18: warning: return type of 'main' is not 'int'
Finished building: ../main.c
 
Building target: BTNs_Calculator.elf
Invoking: AVR C Linker
avr-gcc -Wl,-Map,BTNs_Calculator.map -mmcu=atmega32 -o "BTNs_Calculator.elf"  ./BTN_program.o ./DIO_program.o ./LCD_program.o ./main.o   
Finished building target: BTNs_Calculator.elf
 
Invoking: AVR Create Extended Listing
avr-objdump -h -S BTNs_Calculator.elf  >"BTNs_Calculator.lss"
Finished building: BTNs_Calculator.lss
 
Create Flash image (ihex format)
avr-objcopy -R .eeprom -R .fuse -R .lock -R .signature -O ihex BTNs_Calculator.elf  "BTNs_Calculator.hex"
Finished building: BTNs_Calculator.hex
 
Invoking: Print Size
avr-size --format=avr --mcu=atmega32 BTNs_Calculator.elf
AVR Memory Usage
----------------
Device: atmega32

Program:   13972 bytes (42.6% Full)
(.text + .data + .bootloader)

Data:        272 bytes (13.3% Full)
(.data + .bss + .noinit)


Finished building: sizedummy
 

00:35:43 Build Finished. 0 errors, 2 warnings. (took 1s.10ms)

