14:39:35 **** Incremental Build of configuration Debug for project INT_DriverV2 ****
make all 
Building file: ../main.c
Invoking: AVR Compiler
avr-gcc -Wall -g2 -gstabs -O0 -fpack-struct -fshort-enums -ffunction-sections -fdata-sections -std=gnu99 -funsigned-char -funsigned-bitfields -mmcu=atmega32 -DF_CPU=8000000UL -MMD -MP -MF"main.d" -MT"main.o" -c -o "main.o" "../main.c"
../main.c:24: warning: return type of 'main' is not 'int'
Finished building: ../main.c
 
Building target: INT_DriverV2.elf
Invoking: AVR C Linker
avr-gcc -Wl,-Map,INT_DriverV2.map -mmcu=atmega32 -o "INT_DriverV2.elf"  ./7SEG_ptogram.o ./BTN_program.o ./DIO_program.o ./INT_program.o ./main.o   
Finished building target: INT_DriverV2.elf
 
Invoking: AVR Create Extended Listing
avr-objdump -h -S INT_DriverV2.elf  >"INT_DriverV2.lss"
Finished building: INT_DriverV2.lss
 
Create Flash image (ihex format)
avr-objcopy -R .eeprom -R .fuse -R .lock -R .signature -O ihex INT_DriverV2.elf  "INT_DriverV2.hex"
Finished building: INT_DriverV2.hex
 
Invoking: Print Size
avr-size --format=avr --mcu=atmega32 INT_DriverV2.elf
AVR Memory Usage
----------------
Device: atmega32

Program:    7786 bytes (23.8% Full)
(.text + .data + .bootloader)

Data:         43 bytes (2.1% Full)
(.data + .bss + .noinit)


Finished building: sizedummy
 

14:39:36 Build Finished. 0 errors, 1 warnings. (took 957ms)

