20:52:44 **** Incremental Build of configuration Debug for project Interrupt ****
make all 
Building file: ../Interrupt_program.c
Invoking: AVR Compiler
avr-gcc -Wall -g2 -gstabs -O0 -fpack-struct -fshort-enums -ffunction-sections -fdata-sections -std=gnu99 -funsigned-char -funsigned-bitfields -mmcu=atmega32 -DF_CPU=8000000UL -MMD -MP -MF"Interrupt_program.d" -MT"Interrupt_program.o" -c -o "Interrupt_program.o" "../Interrupt_program.c"
Finished building: ../Interrupt_program.c
 
Building target: Interrupt.elf
Invoking: AVR C Linker
avr-gcc -Wl,-Map,Interrupt.map -mmcu=atmega32 -o "Interrupt.elf"  ./DIO_program.o ./Interrupt_program.o ./main.o   
Finished building target: Interrupt.elf
 
Invoking: AVR Create Extended Listing
avr-objdump -h -S Interrupt.elf  >"Interrupt.lss"
Finished building: Interrupt.lss
 
Create Flash image (ihex format)
avr-objcopy -R .eeprom -R .fuse -R .lock -R .signature -O ihex Interrupt.elf  "Interrupt.hex"
Finished building: Interrupt.hex
 
Invoking: Print Size
avr-size --format=avr --mcu=atmega32 Interrupt.elf
AVR Memory Usage
----------------
Device: atmega32

Program:    2112 bytes (6.4% Full)
(.text + .data + .bootloader)

Data:          0 bytes (0.0% Full)
(.data + .bss + .noinit)


Finished building: sizedummy
 

20:52:45 Build Finished. 0 errors, 0 warnings. (took 742ms)

