00:40:03 **** Incremental Build of configuration Debug for project KPD_LCD_Calculator ****
make all 
Building file: ../main.c
Invoking: AVR Compiler
avr-gcc -Wall -g2 -gstabs -O0 -fpack-struct -fshort-enums -ffunction-sections -fdata-sections -std=gnu99 -funsigned-char -funsigned-bitfields -mmcu=atmega32 -DF_CPU=8000000UL -MMD -MP -MF"main.d" -MT"main.o" -c -o "main.o" "../main.c"
../main.c:17: warning: return type of 'main' is not 'int'
Finished building: ../main.c
 
Building target: KPD_LCD_Calculator.elf
Invoking: AVR C Linker
avr-gcc -Wl,-Map,KPD_LCD_Calculator.map -mmcu=atmega32 -o "KPD_LCD_Calculator.elf"  ./APP_program.o ./DIO_program.o ./KPD_program.o ./LCD_program.o ./main.o   
Finished building target: KPD_LCD_Calculator.elf
 
Invoking: AVR Create Extended Listing
avr-objdump -h -S KPD_LCD_Calculator.elf  >"KPD_LCD_Calculator.lss"
Finished building: KPD_LCD_Calculator.lss
 
Create Flash image (ihex format)
avr-objcopy -R .eeprom -R .fuse -R .lock -R .signature -O ihex KPD_LCD_Calculator.elf  "KPD_LCD_Calculator.hex"
Finished building: KPD_LCD_Calculator.hex
 
Invoking: Print Size
avr-size --format=avr --mcu=atmega32 KPD_LCD_Calculator.elf
AVR Memory Usage
----------------
Device: atmega32

Program:   14052 bytes (42.9% Full)
(.text + .data + .bootloader)

Data:        280 bytes (13.7% Full)
(.data + .bss + .noinit)


Finished building: sizedummy
 

00:40:04 Build Finished. 0 errors, 1 warnings. (took 1s.5ms)

