22:56:50 **** Incremental Build of configuration Debug for project LCD01 ****
make all 
Building file: ../LCD_program.c
Invoking: AVR Compiler
avr-gcc -Wall -g2 -gstabs -O0 -fpack-struct -fshort-enums -ffunction-sections -fdata-sections -std=gnu99 -funsigned-char -funsigned-bitfields -mmcu=atmega32 -DF_CPU=8000000UL -MMD -MP -MF"LCD_program.d" -MT"LCD_program.o" -c -o "LCD_program.o" "../LCD_program.c"
In file included from ../LCD_program.c:12:
d:/phlimon/imt/imt materials/00- tools/imt_tools_x64/imt_sdk_win_64/winavr/lib/gcc/../../avr/include/util/delay.h:90:3: warning: #warning "Compiler optimizations disabled; functions from <util/delay.h> won't work as designed"
Finished building: ../LCD_program.c
 
Building file: ../main.c
Invoking: AVR Compiler
avr-gcc -Wall -g2 -gstabs -O0 -fpack-struct -fshort-enums -ffunction-sections -fdata-sections -std=gnu99 -funsigned-char -funsigned-bitfields -mmcu=atmega32 -DF_CPU=8000000UL -MMD -MP -MF"main.d" -MT"main.o" -c -o "main.o" "../main.c"
In file included from ../main.c:12:
d:/phlimon/imt/imt materials/00- tools/imt_tools_x64/imt_sdk_win_64/winavr/lib/gcc/../../avr/include/util/delay.h:90:3: warning: #warning "Compiler optimizations disabled; functions from <util/delay.h> won't work as designed"
../main.c:16: warning: return type of 'main' is not 'int'
../main.c: In function 'main':
../main.c:37: warning: pointer targets in passing argument 1 of 'LCD_u8WriteString' differ in signedness
Finished building: ../main.c
 
Building target: LCD01.elf
Invoking: AVR C Linker
avr-gcc -Wl,-Map,LCD01.map -mmcu=atmega32 -o "LCD01.elf"  ./DIO_program.o ./LCD_program.o ./main.o   
Finished building target: LCD01.elf
 
Invoking: AVR Create Extended Listing
avr-objdump -h -S LCD01.elf  >"LCD01.lss"
Finished building: LCD01.lss
 
Create Flash image (ihex format)
avr-objcopy -R .eeprom -R .fuse -R .lock -R .signature -O ihex LCD01.elf  "LCD01.hex"
Finished building: LCD01.hex
 
Invoking: Print Size
avr-size --format=avr --mcu=atmega32 LCD01.elf
AVR Memory Usage
----------------
Device: atmega32

Program:    8394 bytes (25.6% Full)
(.text + .data + .bootloader)

Data:         22 bytes (1.1% Full)
(.data + .bss + .noinit)


Finished building: sizedummy
 

22:56:51 Build Finished. 0 errors, 4 warnings. (took 1s.212ms)

