11:19:04 **** Incremental Build of configuration Debug for project LCD03_INT ****
make all 
Building file: ../LCD_program.c
Invoking: AVR Compiler
avr-gcc -Wall -g2 -gstabs -O0 -fpack-struct -fshort-enums -ffunction-sections -fdata-sections -std=gnu99 -funsigned-char -funsigned-bitfields -mmcu=atmega32 -DF_CPU=8000000UL -MMD -MP -MF"LCD_program.d" -MT"LCD_program.o" -c -o "LCD_program.o" "../LCD_program.c"
In file included from ../LCD_program.c:12:
d:/phlimon/imt/imt materials/00- tools/imt_tools_x64/imt_sdk_win_64/winavr/lib/gcc/../../avr/include/util/delay.h:90:3: warning: #warning "Compiler optimizations disabled; functions from <util/delay.h> won't work as designed"
Finished building: ../LCD_program.c
 
Building file: ../main.c
Invoking: AVR Compiler
avr-gcc -Wall -g2 -gstabs -O0 -fpack-struct -fshort-enums -ffunction-sections -fdata-sections -std=gnu99 -funsigned-char -funsigned-bitfields -mmcu=atmega32 -DF_CPU=8000000UL -MMD -MP -MF"main.d" -MT"main.o" -c -o "main.o" "../main.c"
In file included from ../main.c:12:
d:/phlimon/imt/imt materials/00- tools/imt_tools_x64/imt_sdk_win_64/winavr/lib/gcc/../../avr/include/util/delay.h:90:3: warning: #warning "Compiler optimizations disabled; functions from <util/delay.h> won't work as designed"
../main.c:16: warning: return type of 'main' is not 'int'
Finished building: ../main.c
 
Building target: LCD03_INT.elf
Invoking: AVR C Linker
avr-gcc -Wl,-Map,LCD03_INT.map -mmcu=atmega32 -o "LCD03_INT.elf"  ./DIO_program.o ./LCD_program.o ./main.o   
Finished building target: LCD03_INT.elf
 
Invoking: AVR Create Extended Listing
avr-objdump -h -S LCD03_INT.elf  >"LCD03_INT.lss"
Finished building: LCD03_INT.lss
 
Create Flash image (ihex format)
avr-objcopy -R .eeprom -R .fuse -R .lock -R .signature -O ihex LCD03_INT.elf  "LCD03_INT.hex"
Finished building: LCD03_INT.hex
 
Invoking: Print Size
avr-size --format=avr --mcu=atmega32 LCD03_INT.elf
AVR Memory Usage
----------------
Device: atmega32

Program:    8606 bytes (26.3% Full)
(.text + .data + .bootloader)

Data:          8 bytes (0.4% Full)
(.data + .bss + .noinit)


Finished building: sizedummy
 

11:19:05 Build Finished. 0 errors, 3 warnings. (took 1s.220ms)

