03:29:07 **** Incremental Build of configuration Debug for project LCD02 ****
make all 
Building file: ../main.c
Invoking: AVR Compiler
avr-gcc -Wall -g2 -gstabs -O0 -fpack-struct -fshort-enums -ffunction-sections -fdata-sections -std=gnu99 -funsigned-char -funsigned-bitfields -mmcu=atmega32 -DF_CPU=8000000UL -MMD -MP -MF"main.d" -MT"main.o" -c -o "main.o" "../main.c"
In file included from ../main.c:12:
d:/phlimon/imt/imt materials/00- tools/imt_tools_x64/imt_sdk_win_64/winavr/lib/gcc/../../avr/include/util/delay.h:90:3: warning: #warning "Compiler optimizations disabled; functions from <util/delay.h> won't work as designed"
../main.c:16: warning: return type of 'main' is not 'int'
../main.c: In function 'main':
../main.c:32: warning: pointer targets in passing argument 1 of 'LCD_u8WriteString' differ in signedness
../main.c:42: warning: pointer targets in passing argument 1 of 'LCD_u8WriteString' differ in signedness
../main.c:53: warning: pointer targets in passing argument 1 of 'LCD_u8WriteString' differ in signedness
Finished building: ../main.c
 
Building target: LCD02.elf
Invoking: AVR C Linker
avr-gcc -Wl,-Map,LCD02.map -mmcu=atmega32 -o "LCD02.elf"  ./DIO_program.o ./LCD_program.o ./main.o   
Finished building target: LCD02.elf
 
Invoking: AVR Create Extended Listing
avr-objdump -h -S LCD02.elf  >"LCD02.lss"
Finished building: LCD02.lss
 
Create Flash image (ihex format)
avr-objcopy -R .eeprom -R .fuse -R .lock -R .signature -O ihex LCD02.elf  "LCD02.hex"
Finished building: LCD02.hex
 
Invoking: Print Size
avr-size --format=avr --mcu=atmega32 LCD02.elf
AVR Memory Usage
----------------
Device: atmega32

Program:    8930 bytes (27.3% Full)
(.text + .data + .bootloader)

Data:         24 bytes (1.2% Full)
(.data + .bss + .noinit)


Finished building: sizedummy
 

03:29:08 Build Finished. 0 errors, 5 warnings. (took 1s.11ms)

