19:38:42 **** Incremental Build of configuration Debug for project LCD_SCROLLING_Y_RtoL2 ****
make all 
Building file: ../main.c
Invoking: AVR Compiler
avr-gcc -Wall -g2 -gstabs -O0 -fpack-struct -fshort-enums -ffunction-sections -fdata-sections -std=gnu99 -funsigned-char -funsigned-bitfields -mmcu=atmega32 -DF_CPU=8000000UL -MMD -MP -MF"main.d" -MT"main.o" -c -o "main.o" "../main.c"
In file included from ../main.c:12:
d:/phlimon/imt/imt materials/00- tools/imt_tools_x64/imt_sdk_win_64/winavr/lib/gcc/../../avr/include/util/delay.h:90:3: warning: #warning "Compiler optimizations disabled; functions from <util/delay.h> won't work as designed"
../main.c:16: warning: return type of 'main' is not 'int'
Finished building: ../main.c
 
Building target: LCD_SCROLLING_Y_RtoL2.elf
Invoking: AVR C Linker
avr-gcc -Wl,-Map,LCD_SCROLLING_Y_RtoL2.map -mmcu=atmega32 -o "LCD_SCROLLING_Y_RtoL2.elf"  ./DIO_program.o ./LCD_program.o ./main.o   
Finished building target: LCD_SCROLLING_Y_RtoL2.elf
 
Invoking: AVR Create Extended Listing
avr-objdump -h -S LCD_SCROLLING_Y_RtoL2.elf  >"LCD_SCROLLING_Y_RtoL2.lss"
Finished building: LCD_SCROLLING_Y_RtoL2.lss
 
Create Flash image (ihex format)
avr-objcopy -R .eeprom -R .fuse -R .lock -R .signature -O ihex LCD_SCROLLING_Y_RtoL2.elf  "LCD_SCROLLING_Y_RtoL2.hex"
Finished building: LCD_SCROLLING_Y_RtoL2.hex
 
Invoking: Print Size
avr-size --format=avr --mcu=atmega32 LCD_SCROLLING_Y_RtoL2.elf
AVR Memory Usage
----------------
Device: atmega32

Program:    8836 bytes (27.0% Full)
(.text + .data + .bootloader)

Data:         30 bytes (1.5% Full)
(.data + .bss + .noinit)


Finished building: sizedummy
 

19:38:43 Build Finished. 0 errors, 2 warnings. (took 1s.101ms)

